 Process in group number            1
 No PDF is used, alpha_s(MZ) from param_card is used
 Value of alpha_s from param_card:   0.11839999999999999     
 The default order of alpha_s running is fixed to            2
 Define smin to   1.0444839999999999E-006
 Warning: pt or E min of a gamma should in general be >0
 *****************************************************
 *               MadGraph/MadEvent                   *
 *        --------------------------------           *
 *          http://madgraph.hep.uiuc.edu             *
 *          http://madgraph.phys.ucl.ac.be           *
 *          http://madgraph.roma2.infn.it            *
 *        --------------------------------           *
 *                                                   *
 *          PARAMETER AND COUPLING VALUES            *
 *                                                   *
 *****************************************************

  External Params
  ---------------------------------
  
 mdl_cabi =   0.22773599999999999     
 mdl_kZa =    2.0000000000000000     
 mdl_kZat =    3.0000000000000000     
 mdl_kaa =    4.0000000000000000     
 mdl_kaat =    5.0000000000000000     
 aEWM1 =    127.90000000000001     
 mdl_Gf =    1.1663700000000000E-005
 aS =   0.11839999999999999     
 mdl_ymdo =    5.0400000000000002E-003
 mdl_ymup =    2.5500000000000002E-003
 mdl_yms =   0.10100000000000001     
 mdl_ymc =    1.2700000000000000     
 mdl_ymb =    4.7000000000000002     
 mdl_ymt =    172.00000000000000     
 mdl_yme =    5.1099999999999995E-004
 mdl_ymm =   0.10566000000000000     
 mdl_ymtau =    1.7769999999999999     
 mdl_MZ =    91.187600000000003     
 mdl_Me =    5.1099999999999995E-004
 mdl_MMU =   0.10566000000000000     
 mdl_MTA =    1.7769999999999999     
 mdl_MU =    2.5500000000000002E-003
 mdl_MC =    1.2700000000000000     
 mdl_MT =    172.00000000000000     
 mdl_MD =    5.0400000000000002E-003
 mdl_MS =   0.10100000000000001     
 mdl_MB =    4.7000000000000002     
 mdl_MH =    125.00000000000000     
 mdl_WZ =    2.4952000000000001     
 mdl_WW =    2.0850000000000000     
 mdl_WT =    1.5083359999999999     
 mdl_WH =    4.0699999999999998E-003
  Internal Params
  ---------------------------------
  
 mdl_conjg__CKM3x3 =    1.0000000000000000     
 mdl_cos__cabi =   0.97418004031982097     
 mdl_CKM1x1 =               (0.97418004031982097,0.0000000000000000)
 mdl_sin__cabi =   0.22577256042856930     
 mdl_CKM1x2 =               (0.22577256042856930,0.0000000000000000)
 mdl_CKM2x1 =              (-0.22577256042856930,0.0000000000000000)
 mdl_CKM2x2 =               (0.97418004031982097,0.0000000000000000)
 mdl_MZ__exp__2 =    8315.1783937600012     
 mdl_MZ__exp__4 =    69142191.720053151     
 mdl_sqrt__2 =    1.4142135623730951     
 mdl_MH__exp__2 =    15625.000000000000     
 mdl_complexi =                (0.0000000000000000,1.0000000000000000)
 mdl_conjg__CKM1x1 =              (0.97418004031982097,-0.0000000000000000)
 mdl_conjg__CKM1x2 =              (0.22577256042856930,-0.0000000000000000)
 mdl_conjg__CKM2x1 =             (-0.22577256042856930,-0.0000000000000000)
 mdl_conjg__CKM2x2 =              (0.97418004031982097,-0.0000000000000000)
 mdl_aEW =    7.8186082877247844E-003
 mdl_MW =    79.824359746197842     
 mdl_sqrt__aEW =    8.8422894590285753E-002
 mdl_ee =   0.31345100004952897     
 mdl_MW__exp__2 =    6371.9284088904105     
 mdl_sw2 =   0.23369913342182447     
 mdl_cw =   0.87538612427783857     
 mdl_sqrt__sw2 =   0.48342438232036300     
 mdl_sw =   0.48342438232036300     
 mdl_g1 =   0.35807170271074895     
 mdl_gw =   0.64839716719502682     
 mdl_vev =    246.22056907348590     
 mdl_vev__exp__2 =    60624.568634871241     
 mdl_lam =   0.12886689630821144     
 mdl_yb =    2.6995322804122722E-002
 mdl_yc =    7.2944808428161397E-003
 mdl_ydo =    2.8948175943144366E-005
 mdl_ye =    2.9350233942354699E-006
 mdl_ym =    6.0687783137949077E-004
 mdl_ys =    5.8011225600348830E-004
 mdl_yt =   0.98791394091683138     
 mdl_ytau =    1.0206529494239589E-002
 mdl_yup =    1.4646398542662327E-005
 mdl_muH =    88.388347648318444     
 mdl_ee__exp__2 =    9.8251529432049817E-002
 mdl_sw__exp__2 =   0.23369913342182450     
 mdl_cw__exp__2 =   0.76630086657817542     
  Internal Params evaluated point by point
  ----------------------------------------
  
 mdl_sqrt__aS =   0.34409301068170506     
 mdl_G__exp__2 =    1.4878582807401259     
  Couplings of SMEFT_UFO_ZandAVertex-ZAvertex_4c
  ---------------------------------
  
        GC_24 =  -0.00000E+00  -0.31345E+00
        GC_58 =   0.00000E+00   0.17310E+00
        GC_61 =   0.00000E+00  -0.19725E+00
        GC_84 =   0.00000E+00   0.64982E-01
        GC_85 =  -0.00000E+00  -0.40614E-01
        GC_88 =   0.00000E+00   0.16246E-01
        GC_89 =   0.00000E+00   0.24368E-01

 Collider parameters:
 --------------------

 Running at e e   machine @    125.00000000000000       GeV
 PDF set = none   
 alpha_s(Mz)= 0.1184 running at 2 loops.
 alpha_s(Mz)= 0.1184 running at 2 loops.
 Renormalization scale fixed @    125.00000000000000     
 Factorization scales  fixed @    91.188000000000002        91.188000000000002     


 getting user params
Enter number of events and max and min iterations: 
 Number of events and iterations         1000           5           3
Enter desired fractional accuracy: 
 Desired fractional accuracy:   0.10000000000000001     
Enter 0 for fixed, 2 for adjustable grid: 
Suppress amplitude (0 no, 1 yes)? 
 Using suppressed amplitude.
Exact helicity sum (0 yes, n = number/event)? 
 Explicitly summing over helicities
Enter Configuration Number: 
Running Configuration Number:    2
 Not subdividing B.W.
 Attempting mappinvarients           1           4
 Determine nb_t
 T-channel found:            0
 Completed mapping           4
 about to integrate            5        1000           5           3           5           1
 Using non-zero grid deformation.
  5 dimensions   1000 events  5 invarients  5 iterations  1 config(s),  (0.99)
 Using h-tuple random number sequence.
 Error opening grid
 Using Uniform Grid!          16
 Using uniform alpha   1.0000000000000000     
 Grid defined OK
 Masses: 0.125E+03 0.511E-03 0.511E-03 0.000E+00
 Set CM energy to        125.00
 Mapping Graph           2  to config           2
 Determine nb_t
 T-channel found:            0
Setting grid   1    0.66847E-10   1
Using random seed offsets     2 :      1
  with seed                   24
 Ranmar initialization seeds       31060        9398
  Particle       2       3       4
      Et >     0.0     0.0     0.0
       E >     0.0     0.0     0.0
     Eta <    -1.0    -1.0    -1.0
   xqcut:      0.0     0.0     0.0
d R # 2  >    -0.0     0.0     0.0
d R # 3  >    -0.0    -0.0     0.0
s min # 2>     0.0     0.0     0.0
s min # 3>     0.0     0.0     0.0
xqcutij # 2>     0.0     0.0     0.0
xqcutij # 3>     0.0     0.0     0.0
 alpha_s for scale    125.00000000000000       is   0.11301164040077681     
 Adding good helicity            1  0.24976834590496391     
 Adding good helicity            2  0.14661078586059492     
 Adding good helicity            7  0.22339403993471557     
 Adding good helicity            8  0.38022682784746686     
 Adding good helicity            4  0.14845817491027410     
 Adding good helicity            5  0.14845817491149257     
 RESET CUMULATIVE VARIABLE
 Iteration  1   Mean: 0.3764E+01 Abs mean: 0.3764E+01   Fluctuation:  0.403E-01   0.690E+01   100.0%
  1    0.3764E+01 0.3764E+01 +- 0.4032E-01      0.34
 Writing out events   7.5283285231255792E-004  0.33872316746550996     
 Iteration  2   Mean: 0.3701E+01 Abs mean: 0.3701E+01   Fluctuation:  0.248E-01   0.825E+01   100.0%
  2    0.3701E+01 0.3701E+01 +- 0.2477E-01      0.30
 Iteration  3   Mean: 0.3721E+01 Abs mean: 0.3721E+01   Fluctuation:  0.151E-01   0.747E+01   100.0%
  3    0.3721E+01 0.3721E+01 +- 0.1509E-01      0.26
 Accuracy:    0.003   0.100   0.003   0.896
 Finished due to accuracy    3.1229251973157500E-003  0.10000000000000001     

 -------------------------------------------------------------------------------
 Accumulated results:   Integral =  0.3720E+01
                        Std dev  =  0.1227E-01
                       Cross sec =  0.3720E+01
             Chi**2 per DoF.     =      0.8961
 -------------------------------------------------------------------------------
 Found          419  events.
 Wrote          414  events.
 Actual xsec    3.7203157335024386     
 Correct abs xsec    3.7203157335024386     
 Event xsec    3.7203157335024297     
 Events wgts > 1:            0
 % Cross section > 1:    0.0000000000000000        0.0000000000000000     
-------------------------------------------------
---------------------------
 Results Last   3 iters: Integral =   0.3720E+01
                     Abs integral =   0.3720E+01
                          Std dev =   0.1227E-01
                  Chi**2 per DoF. =      0.8850
-------------------------------------------------
---------------------------
 Status  0.10000000000000001                4           5

ls status:
events.lhe
ftn26
input_app.txt
results.dat
run1_app.log
